#-----------------------------------------------------------
# Vivado v2020.2 (64-bit)
# SW Build 3064766 on Wed Nov 18 09:12:45 MST 2020
# IP Build 3064653 on Wed Nov 18 14:17:31 MST 2020
# Start of session at: Wed Apr 13 03:36:45 2022
# Process ID: 19188
# Current directory: C:/Users/A/Desktop/POT石NE STUDIA/semestr 6/UKADY PROGRAMOWALNE/PROJEKT/MUL4X4
# Command line: vivado.exe -gui_launcher_event rodinguilauncherevent19748 C:\Users\A\Desktop\POT石NE STUDIA\semestr 6\UKADY PROGRAMOWALNE\PROJEKT\MUL4X4\MUL4X4.xpr
# Log file: C:/Users/A/Desktop/POT石NE STUDIA/semestr 6/UKADY PROGRAMOWALNE/PROJEKT/MUL4X4/vivado.log
# Journal file: C:/Users/A/Desktop/POT石NE STUDIA/semestr 6/UKADY PROGRAMOWALNE/PROJEKT/MUL4X4\vivado.jou
#-----------------------------------------------------------
start_gui
open_project {C:/Users/A/Desktop/POT石NE STUDIA/semestr 6/UKADY PROGRAMOWALNE/PROJEKT/MUL4X4/MUL4X4.xpr}
INFO: [Project 1-313] Project file moved from 'C:/Users/A/MUL4X4' since last save.
WARNING: [filemgmt 56-2] Default IP Output Path : Could not find the directory 'C:/Users/A/Desktop/POT石NE STUDIA/semestr 6/UKADY PROGRAMOWALNE/PROJEKT/MUL4X4/MUL4X4.gen/sources_1', nor could it be found using path 'C:/Users/A/MUL4X4/MUL4X4.gen/sources_1'.
WARNING: [Project 1-312] File not found as 'C:/Users/A/Desktop/POT石NE STUDIA/semestr 6/UKADY PROGRAMOWALNE/PROJEKT/Desktop/POT石NE STUDIA/semestr 6/UKADY PROGRAMOWALNE/PROJEKT/SUMATOR 4 BIT/SUM1B.vhd'; using path 'C:/Users/A/Desktop/POT石NE STUDIA/semestr 6/UKADY PROGRAMOWALNE/PROJEKT/SUMATOR 4 BIT/SUM1B.vhd' instead.
Scanning sources...
Finished scanning sources
WARNING: [Project 1-312] File not found as 'C:/Users/A/Desktop/POT石NE STUDIA/semestr 6/UKADY PROGRAMOWALNE/PROJEKT/Desktop/POT石NE STUDIA/semestr 6/UKADY PROGRAMOWALNE/PROJEKT/SUMATOR 4 BIT/SUM1B.vhd'; using path 'C:/Users/A/Desktop/POT石NE STUDIA/semestr 6/UKADY PROGRAMOWALNE/PROJEKT/SUMATOR 4 BIT/SUM1B.vhd' instead.
INFO: [IP_Flow 19-234] Refreshing IP repositories
INFO: [IP_Flow 19-1704] No user IP repositories specified
INFO: [IP_Flow 19-2313] Loaded Vivado IP repository 'C:/Xilinx/Vivado/2020.2/data/ip'.
open_project: Time (s): cpu = 00:00:12 ; elapsed = 00:00:06 . Memory (MB): peak = 1018.027 ; gain = 0.000
update_compile_order -fileset sources_1
exit
INFO: [Common 17-206] Exiting Vivado at Wed Apr 13 03:37:36 2022...
